<?xml version="1.0" encoding="UTF-8"?>
<testng-results skipped="0" failed="0" total="2" passed="2">
  <reporter-output>
  </reporter-output>
  <suite name="Default suite" duration-ms="50341" started-at="2020-03-02T05:14:02Z" finished-at="2020-03-02T05:14:52Z">
    <groups>
    </groups>
    <test name="Default test" duration-ms="50341" started-at="2020-03-02T05:14:02Z" finished-at="2020-03-02T05:14:52Z">
      <class name="package1.TestNg2">
        <test-method status="PASS" signature="m2()[pri:0, instance:package1.TestNg2@475530b9]" name="m2" is-config="true" duration-ms="9" started-at="2020-03-02T10:44:02Z" finished-at="2020-03-02T10:44:02Z">
          <reporter-output>
          </reporter-output>
        </test-method> <!-- m2 -->
        <test-method status="PASS" signature="m4()[pri:0, instance:package1.TestNg2@475530b9]" name="m4" is-config="true" duration-ms="0" started-at="2020-03-02T10:44:02Z" finished-at="2020-03-02T10:44:02Z">
          <reporter-output>
          </reporter-output>
        </test-method> <!-- m4 -->
        <test-method status="PASS" signature="m6()[pri:0, instance:package1.TestNg2@475530b9]" name="m6" is-config="true" duration-ms="3006" started-at="2020-03-02T10:44:02Z" finished-at="2020-03-02T10:44:05Z">
          <reporter-output>
          </reporter-output>
        </test-method> <!-- m6 -->
        <test-method status="PASS" signature="m1()[pri:0, instance:package1.TestNg2@475530b9]" name="m1" duration-ms="5046" started-at="2020-03-02T10:44:05Z" finished-at="2020-03-02T10:44:10Z">
          <reporter-output>
          </reporter-output>
        </test-method> <!-- m1 -->
        <test-method status="PASS" signature="m7()[pri:0, instance:package1.TestNg2@475530b9]" name="m7" is-config="true" duration-ms="0" started-at="2020-03-02T10:44:10Z" finished-at="2020-03-02T10:44:10Z">
          <reporter-output>
          </reporter-output>
        </test-method> <!-- m7 -->
        <test-method status="PASS" signature="m6()[pri:0, instance:package1.TestNg2@475530b9]" name="m6" is-config="true" duration-ms="12262" started-at="2020-03-02T10:44:10Z" finished-at="2020-03-02T10:44:22Z">
          <reporter-output>
          </reporter-output>
        </test-method> <!-- m6 -->
        <test-method status="PASS" signature="m11()[pri:0, instance:package1.TestNg2@475530b9]" name="m11" duration-ms="29996" started-at="2020-03-02T10:44:22Z" finished-at="2020-03-02T10:44:52Z">
          <reporter-output>
          </reporter-output>
        </test-method> <!-- m11 -->
        <test-method status="PASS" signature="m7()[pri:0, instance:package1.TestNg2@475530b9]" name="m7" is-config="true" duration-ms="0" started-at="2020-03-02T10:44:52Z" finished-at="2020-03-02T10:44:52Z">
          <reporter-output>
          </reporter-output>
        </test-method> <!-- m7 -->
        <test-method status="PASS" signature="m5()[pri:0, instance:package1.TestNg2@475530b9]" name="m5" is-config="true" duration-ms="0" started-at="2020-03-02T10:44:52Z" finished-at="2020-03-02T10:44:52Z">
          <reporter-output>
          </reporter-output>
        </test-method> <!-- m5 -->
        <test-method status="PASS" signature="m3()[pri:0, instance:package1.TestNg2@475530b9]" name="m3" is-config="true" duration-ms="0" started-at="2020-03-02T10:44:52Z" finished-at="2020-03-02T10:44:52Z">
          <reporter-output>
          </reporter-output>
        </test-method> <!-- m3 -->
      </class> <!-- package1.TestNg2 -->
    </test> <!-- Default test -->
  </suite> <!-- Default suite -->
</testng-results>
